

Sat Sep 10 11:28:33 2011
PhotoRec 7.0, Data Recovery Utility, April 2015
Christophe GRENIER <grenier@cgsecurity.org>
http://www.cgsecurity.org
OS: Windows 7 (7600)
Compiler: GCC 4.9, MinGW 3.11
Compilation date: Apr 18 2015 13:01:48
ext2fs lib: none, ntfs lib: 10:0:0, ewf lib: 20120504, libjpeg: libjpeg-turbo-1.3.1
disk_get_size_win32 IOCTL_DISK_GET_LENGTH_INFO(\\.\PhysicalDrive0)=500107862016
disk_get_size_win32 IOCTL_DISK_GET_LENGTH_INFO(\\.\PhysicalDrive3)=7745830912
disk_get_size_win32 IOCTL_DISK_GET_LENGTH_INFO(\\.\C:)=262039142400
disk_get_size_win32 IOCTL_DISK_GET_LENGTH_INFO(\\.\D:)=115343360000
disk_get_size_win32 IOCTL_DISK_GET_LENGTH_INFO(\\.\E:)=122618380288
filewin32_getfilesize(\\.\F:) GetFileSize err ˛˛«·œ«·… €Ì— ’ÕÌÕ….

filewin32_setfilepointer(\\.\F:) SetFilePointer err ˛˛«·œ«·… €Ì— ’ÕÌÕ….

Warning: can't get size for \\.\F:
disk_get_size_win32 IOCTL_DISK_GET_LENGTH_INFO(\\.\H:)=7741702144
Partition table type (auto): Intel
Disk \\.\PhysicalDrive0 - 500 GB / 465 GiB (RO)
Geometry from i386 MBR: head=255 sector=63
     No partition             0   0  1 60801  80 63  976773168 [Whole disk]
 1 * HPFS - NTFS              0  32 33    12 223 19     204800
     NTFS, blocksize=4096, 104 MB / 100 MiB
 2 P HPFS - NTFS             12 223 20 31870 166 40  511795200
     NTFS, blocksize=4096, 262 GB / 244 GiB
 3 P HPFS - NTFS          31870 166 41 45893 174 41  225280000
     NTFS, blocksize=4096, 115 GB / 107 GiB
 4 P HPFS - NTFS          45893 174 42 60801  47 46  239489024
     NTFS, blocksize=4096, 122 GB / 114 GiB
